<?xml version="1.0" encoding="UTF-8"?>
<testsuite xmlns:xsi="http://www.w3.org/2001/XMLSchema-instance" xsi:noNamespaceSchemaLocation="https://maven.apache.org/surefire/maven-surefire-plugin/xsd/surefire-test-report-3.0.xsd" version="3.0" name="module23.dao.HibernateUserDaoIntegrationTests" time="5.947" tests="6" errors="0" skipped="0" failures="0">
  <properties>
[...]
</properties>
  <testcase name="testCreateAndFindById" classname="module23.dao.HibernateUserDaoIntegrationTests" time="0.107">
    <system-out><![CDATA[12:43:08.135 WARN  [main] o.hibernate.orm.connections.pooling - HHH10001002: Using Hibernate built-in connection pool (not for production use!)
12:43:08.844 INFO  [main] module22.dao.HibernateUserDao - User created successfully: id=1, name=Alice, email=alice@example.com, age=25
12:43:08.856 INFO  [main] module22.dao.HibernateUserDao - Find by id: found id=1
]]></system-out>
  </testcase>
  <testcase name="testFindAll" classname="module23.dao.HibernateUserDaoIntegrationTests" time="0.065">
    <system-out><![CDATA[12:43:08.875 INFO  [main] module22.dao.HibernateUserDao - User created successfully: id=1, name=A, email=a@ex.com, age=20
12:43:08.877 INFO  [main] module22.dao.HibernateUserDao - User created successfully: id=2, name=B, email=b@ex.com, age=null
12:43:08.928 INFO  [main] module22.dao.HibernateUserDao - Find all: returned 2
]]></system-out>
  </testcase>
  <testcase name="testUpdate" classname="module23.dao.HibernateUserDaoIntegrationTests" time="0.018">
    <system-out><![CDATA[12:43:08.940 INFO  [main] module22.dao.HibernateUserDao - User created successfully: id=1, name=X, email=x@ex.com, age=30
12:43:08.941 INFO  [main] module22.dao.HibernateUserDao - Find by id: found id=1
12:43:08.947 INFO  [main] module22.dao.HibernateUserDao - User updated successfully: name=X2, id=1, email=x@ex.com
12:43:08.948 INFO  [main] module22.dao.HibernateUserDao - Find by id: found id=1
]]></system-out>
  </testcase>
  <testcase name="testDelete" classname="module23.dao.HibernateUserDaoIntegrationTests" time="0.018">
    <system-out><![CDATA[12:43:08.959 INFO  [main] module22.dao.HibernateUserDao - User created successfully: id=1, name=Del, email=d@ex.com, age=10
12:43:08.960 INFO  [main] module22.dao.HibernateUserDao - Find by id: found id=1
12:43:08.966 INFO  [main] module22.dao.HibernateUserDao - User deleted successfully: id=1, name=Del, email=d@ex.com, age=10, created_at=2025-10-14T12:43:08.956866+05:00
12:43:08.967 WARN  [main] module22.dao.HibernateUserDao - Find by id: not found id=1
]]></system-out>
  </testcase>
  <testcase name="testCreateValidationName" classname="module23.dao.HibernateUserDaoIntegrationTests" time="0.007">
    <system-out><![CDATA[12:43:08.976 WARN  [main] module22.dao.HibernateUserDao - Validation failed: name is empty
]]></system-out>
  </testcase>
  <testcase name="testCreateValidationAge" classname="module23.dao.HibernateUserDaoIntegrationTests" time="0.008">
    <system-out><![CDATA[12:43:08.984 WARN  [main] module22.dao.HibernateUserDao - Validation failed: age 999 out of range
]]></system-out>
  </testcase>
</testsuite>