<?xml version="1.0" encoding="UTF-8"?>
<testsuite xmlns:xsi="http://www.w3.org/2001/XMLSchema-instance" xsi:noNamespaceSchemaLocation="https://maven.apache.org/surefire/maven-surefire-plugin/xsd/surefire-test-report-3.0.xsd" version="3.0" name="module23.service.DefaultUserServiceTest" time="0.919" tests="6" errors="0" skipped="0" failures="0">
  <properties>
[...]
</properties>
  <testcase name="getAllUsers_returns_list_from_DAO" classname="module23.service.DefaultUserServiceTest" time="0.869">
    <system-out><![CDATA[14:45:50.601 INFO  [main] module23.service.DefaultUserService - Fetched users: 2
]]></system-out>
    <system-err><![CDATA[WARNING: A Java agent has been loaded dynamically (C:\Users\Dim\.m2\repository\net\bytebuddy\byte-buddy-agent\1.14.12\byte-buddy-agent-1.14.12.jar)
WARNING: If a serviceability tool is in use, please run with -XX:+EnableDynamicAgentLoading to hide this warning
WARNING: If a serviceability tool is not in use, please run with -Djdk.instrument.traceUsage for more information
WARNING: Dynamic loading of agents will be disallowed by default in a future release
]]></system-err>
  </testcase>
  <testcase name="updateUser_calls_DAO_update_with_same_object" classname="module23.service.DefaultUserServiceTest" time="0.007">
    <system-out><![CDATA[14:45:50.621 INFO  [main] module23.service.DefaultUserService - User updated: id=99
]]></system-out>
  </testcase>
  <testcase name="deleteUser_skips_when_not_found" classname="module23.service.DefaultUserServiceTest" time="0.004">
    <system-out><![CDATA[14:45:50.629 WARN  [main] module23.service.DefaultUserService - Delete skipped, not found: id=7
]]></system-out>
  </testcase>
  <testcase name="getUserById_propagates_found_value" classname="module23.service.DefaultUserServiceTest" time="0.004">
    <system-out><![CDATA[14:45:50.633 INFO  [main] module23.service.DefaultUserService - User loaded: id=5
]]></system-out>
  </testcase>
  <testcase name="createUser_delegates_to_DAO_and_returns_id" classname="module23.service.DefaultUserServiceTest" time="0.005">
    <system-out><![CDATA[14:45:50.638 INFO  [main] module23.service.DefaultUserService - User created: id=42, email=a@a
]]></system-out>
  </testcase>
  <testcase name="deleteUser_deletes_when_found" classname="module23.service.DefaultUserServiceTest" time="0.004">
    <system-out><![CDATA[14:45:50.643 INFO  [main] module23.service.DefaultUserService - User deleted: id=8
]]></system-out>
  </testcase>
</testsuite>