<?xml version="1.0" encoding="UTF-8"?>
<testsuite xmlns:xsi="http://www.w3.org/2001/XMLSchema-instance" xsi:noNamespaceSchemaLocation="https://maven.apache.org/surefire/maven-failsafe-plugin/xsd/failsafe-test-report-3.0.xsd" version="3.0" name="module23.dao.HibernateUserDaoIT" time="5.212" tests="5" errors="0" skipped="0" failures="0">
  <properties>
[...]
</properties>
  <testcase name="create_validates_fields" classname="module23.dao.HibernateUserDaoIT" time="0.11">
    <system-out><![CDATA[14:45:56.193 WARN  [main] o.hibernate.orm.connections.pooling - HHH10001002: Using Hibernate built-in connection pool (not for production use!)
14:45:56.783 WARN  [main] o.h.e.jdbc.spi.SqlExceptionHelper - SQL Warning Code: 0, SQLState: 00000
14:45:56.783 WARN  [main] o.h.e.jdbc.spi.SqlExceptionHelper - table "users" does not exist, skipping
14:45:56.824 WARN  [main] module22.dao.HibernateUserDao - Validation failed: name is empty
14:45:56.825 WARN  [main] module22.dao.HibernateUserDao - Validation failed: email is empty
14:45:56.825 WARN  [main] module22.dao.HibernateUserDao - Validation failed: age 999 out of range
]]></system-out>
  </testcase>
  <testcase name="findAll_returns_inserted_rows" classname="module23.dao.HibernateUserDaoIT" time="0.109">
    <system-out><![CDATA[14:45:56.953 INFO  [main] module22.dao.HibernateUserDao - User created successfully: id=1, name=A, email=a@a, age=20
14:45:56.957 INFO  [main] module22.dao.HibernateUserDao - User created successfully: id=2, name=B, email=b@b, age=21
14:45:57.023 INFO  [main] module22.dao.HibernateUserDao - Find all: returned 2
]]></system-out>
  </testcase>
  <testcase name="update_updates_fields" classname="module23.dao.HibernateUserDaoIT" time="0.033">
    <system-out><![CDATA[14:45:57.040 INFO  [main] module22.dao.HibernateUserDao - User created successfully: id=1, name=Bob, email=bob@example.com, age=31
14:45:57.050 INFO  [main] module22.dao.HibernateUserDao - Find by id: found id=1
14:45:57.058 INFO  [main] module22.dao.HibernateUserDao - User updated successfully: name=Robert, id=1, email=bob@example.com
14:45:57.062 INFO  [main] module22.dao.HibernateUserDao - Find by id: found id=1
]]></system-out>
  </testcase>
  <testcase name="delete_removes_row" classname="module23.dao.HibernateUserDaoIT" time="0.046">
    <system-out><![CDATA[14:45:57.083 INFO  [main] module22.dao.HibernateUserDao - User created successfully: id=1, name=Kek, email=k@k, age=40
14:45:57.092 INFO  [main] module22.dao.HibernateUserDao - Find by id: found id=1
14:45:57.102 INFO  [main] module22.dao.HibernateUserDao - User deleted successfully: id=1, name=Kek, email=k@k, age=40, created_at=2025-10-14T14:45:57.068877+05:00
14:45:57.105 WARN  [main] module22.dao.HibernateUserDao - Find by id: not found id=1
]]></system-out>
  </testcase>
  <testcase name="create_and_findById_work" classname="module23.dao.HibernateUserDaoIT" time="0.015">
    <system-out><![CDATA[14:45:57.119 INFO  [main] module22.dao.HibernateUserDao - User created successfully: id=1, name=Alice, email=alice@example.com, age=25
14:45:57.123 INFO  [main] module22.dao.HibernateUserDao - Find by id: found id=1
]]></system-out>
  </testcase>
</testsuite>